2025-02-26 19:47:01 [INFO] Inicio del script de descarga de archivos.
2025-02-26 19:47:01 [INFO] Archivos a descargar:
  archivo-20250226-1.txt
  archivo-20250226-2.txt
  archivo-20250226-3.txt
  archivo-20250226-4.txt
  archivo-20250226-5.txt
2025-02-26 19:47:01 [INFO] Todos los archivos han sido descargados del servidor FTP.
2025-02-26 19:47:01 [INFO] Tiempo total de ejecución: 0 segundos.
2025-02-26 19:47:01 [INFO] Fin del script.

2025-02-26 19:49:01 [INFO] Inicio del script de descarga de archivos.
2025-02-26 19:49:01 [INFO] Archivos a descargar:
  archivo-20250226-1.txt
  archivo-20250226-2.txt
  archivo-20250226-3.txt
  archivo-20250226-4.txt
  archivo-20250226-5.txt
2025-02-26 19:49:01 [INFO] Todos los archivos han sido descargados del servidor FTP.
2025-02-26 19:49:01 [INFO] Tiempo total de ejecución: 0 segundos.
2025-02-26 19:49:01 [INFO] Fin del script.

2025-02-26 20:49:01 [INFO] Inicio del script de descarga de archivos.
2025-02-26 20:49:15 [INFO] No hay archivos para descargar.
    
2025-02-27 16:49:01 [INFO] Inicio del script de descarga de archivos.
2025-02-27 16:49:04 [INFO] No hay archivos para descargar.
    
